<?xml version="1.0" encoding="UTF-8"?>
<testsuite xmlns:xsi="http://www.w3.org/2001/XMLSchema-instance" xsi:noNamespaceSchemaLocation="https://maven.apache.org/surefire/maven-surefire-plugin/xsd/surefire-test-report.xsd" name="com.sweng.cardsmule.CardsmuleSuite" time="8.52" tests="2" errors="0" skipped="0" failures="0">
  <properties>
    <property name="java.specification.version" value="18"/>
    <property name="sun.jnu.encoding" value="UTF-8"/>
    <property name="java.class.path" value="/Users/andreaiannoli/.m2/repository/org/apache/maven/surefire/surefire-booter/2.22.2/surefire-booter-2.22.2.jar:/Users/andreaiannoli/.m2/repository/org/apache/maven/surefire/surefire-api/2.22.2/surefire-api-2.22.2.jar:/Users/andreaiannoli/.m2/repository/org/apache/maven/surefire/surefire-logger-api/2.22.2/surefire-logger-api-2.22.2.jar:/Users/andreaiannoli/Desktop/Uni/Progetto SWENG/prova/cardsmule/target/test-classes:/Users/andreaiannoli/Desktop/Uni/Progetto SWENG/prova/cardsmule/target/Cardsmule-1.0-SNAPSHOT/WEB-INF/classes:/Users/andreaiannoli/.m2/repository/org/gwtproject/gwt-servlet/2.10.0/gwt-servlet-2.10.0.jar:/Users/andreaiannoli/.m2/repository/org/gwtproject/gwt-user/2.10.0/gwt-user-2.10.0.jar:/Users/andreaiannoli/.m2/repository/com/google/jsinterop/jsinterop-annotations/2.0.0/jsinterop-annotations-2.0.0.jar:/Users/andreaiannoli/.m2/repository/javax/validation/validation-api/1.0.0.GA/validation-api-1.0.0.GA.jar:/Users/andreaiannoli/.m2/repository/javax/validation/validation-api/1.0.0.GA/validation-api-1.0.0.GA-sources.jar:/Users/andreaiannoli/.m2/repository/javax/servlet/javax.servlet-api/3.1.0/javax.servlet-api-3.1.0.jar:/Users/andreaiannoli/.m2/repository/org/w3c/css/sac/1.3/sac-1.3.jar:/Users/andreaiannoli/.m2/repository/org/gwtproject/gwt-dev/2.10.0/gwt-dev-2.10.0.jar:/Users/andreaiannoli/.m2/repository/com/google/code/findbugs/jsr305/1.3.9/jsr305-1.3.9.jar:/Users/andreaiannoli/.m2/repository/org/ow2/asm/asm/9.2/asm-9.2.jar:/Users/andreaiannoli/.m2/repository/org/ow2/asm/asm-util/9.2/asm-util-9.2.jar:/Users/andreaiannoli/.m2/repository/org/ow2/asm/asm-tree/9.2/asm-tree-9.2.jar:/Users/andreaiannoli/.m2/repository/org/ow2/asm/asm-analysis/9.2/asm-analysis-9.2.jar:/Users/andreaiannoli/.m2/repository/org/ow2/asm/asm-commons/9.2/asm-commons-9.2.jar:/Users/andreaiannoli/.m2/repository/colt/colt/1.2.0/colt-1.2.0.jar:/Users/andreaiannoli/.m2/repository/commons-collections/commons-collections/3.2.2/commons-collections-3.2.2.jar:/Users/andreaiannoli/.m2/repository/commons-io/commons-io/2.4/commons-io-2.4.jar:/Users/andreaiannoli/.m2/repository/com/ibm/icu/icu4j/63.1/icu4j-63.1.jar:/Users/andreaiannoli/.m2/repository/tapestry/tapestry/4.0.2/tapestry-4.0.2.jar:/Users/andreaiannoli/.m2/repository/net/sourceforge/htmlunit/htmlunit/2.55.0/htmlunit-2.55.0.jar:/Users/andreaiannoli/.m2/repository/xalan/xalan/2.7.2/xalan-2.7.2.jar:/Users/andreaiannoli/.m2/repository/xalan/serializer/2.7.2/serializer-2.7.2.jar:/Users/andreaiannoli/.m2/repository/org/apache/commons/commons-lang3/3.12.0/commons-lang3-3.12.0.jar:/Users/andreaiannoli/.m2/repository/org/apache/commons/commons-text/1.9/commons-text-1.9.jar:/Users/andreaiannoli/.m2/repository/org/apache/httpcomponents/httpmime/4.5.13/httpmime-4.5.13.jar:/Users/andreaiannoli/.m2/repository/org/apache/httpcomponents/httpclient/4.5.13/httpclient-4.5.13.jar:/Users/andreaiannoli/.m2/repository/org/apache/httpcomponents/httpcore/4.4.13/httpcore-4.4.13.jar:/Users/andreaiannoli/.m2/repository/commons-codec/commons-codec/1.11/commons-codec-1.11.jar:/Users/andreaiannoli/.m2/repository/net/sourceforge/htmlunit/htmlunit-core-js/2.55.0/htmlunit-core-js-2.55.0.jar:/Users/andreaiannoli/.m2/repository/net/sourceforge/htmlunit/neko-htmlunit/2.55.0/neko-htmlunit-2.55.0.jar:/Users/andreaiannoli/.m2/repository/xerces/xercesImpl/2.12.1/xercesImpl-2.12.1.jar:/Users/andreaiannoli/.m2/repository/xml-apis/xml-apis/1.4.01/xml-apis-1.4.01.jar:/Users/andreaiannoli/.m2/repository/net/sourceforge/htmlunit/htmlunit-cssparser/1.10.0/htmlunit-cssparser-1.10.0.jar:/Users/andreaiannoli/.m2/repository/commons-logging/commons-logging/1.2/commons-logging-1.2.jar:/Users/andreaiannoli/.m2/repository/commons-net/commons-net/3.8.0/commons-net-3.8.0.jar:/Users/andreaiannoli/.m2/repository/org/brotli/dec/0.1.2/dec-0.1.2.jar:/Users/andreaiannoli/.m2/repository/com/shapesecurity/salvation2/3.0.0/salvation2-3.0.0.jar:/Users/andreaiannoli/.m2/repository/org/eclipse/jetty/websocket/websocket-client/9.4.44.v20210927/websocket-client-9.4.44.v20210927.jar:/Users/andreaiannoli/.m2/repository/org/eclipse/jetty/jetty-client/9.4.44.v20210927/jetty-client-9.4.44.v20210927.jar:/Users/andreaiannoli/.m2/repository/org/eclipse/jetty/websocket/websocket-common/9.4.44.v20210927/websocket-common-9.4.44.v20210927.jar:/Users/andreaiannoli/.m2/repository/org/eclipse/jetty/websocket/websocket-api/9.4.44.v20210927/websocket-api-9.4.44.v20210927.jar:/Users/andreaiannoli/.m2/repository/org/eclipse/jetty/jetty-webapp/9.4.44.v20210927/jetty-webapp-9.4.44.v20210927.jar:/Users/andreaiannoli/.m2/repository/org/eclipse/jetty/jetty-xml/9.4.44.v20210927/jetty-xml-9.4.44.v20210927.jar:/Users/andreaiannoli/.m2/repository/org/eclipse/jetty/jetty-servlet/9.4.44.v20210927/jetty-servlet-9.4.44.v20210927.jar:/Users/andreaiannoli/.m2/repository/org/eclipse/jetty/jetty-security/9.4.44.v20210927/jetty-security-9.4.44.v20210927.jar:/Users/andreaiannoli/.m2/repository/org/eclipse/jetty/jetty-server/9.4.44.v20210927/jetty-server-9.4.44.v20210927.jar:/Users/andreaiannoli/.m2/repository/org/eclipse/jetty/jetty-util-ajax/9.4.44.v20210927/jetty-util-ajax-9.4.44.v20210927.jar:/Users/andreaiannoli/.m2/repository/org/eclipse/jetty/jetty-servlets/9.4.44.v20210927/jetty-servlets-9.4.44.v20210927.jar:/Users/andreaiannoli/.m2/repository/org/eclipse/jetty/jetty-continuation/9.4.44.v20210927/jetty-continuation-9.4.44.v20210927.jar:/Users/andreaiannoli/.m2/repository/org/eclipse/jetty/jetty-http/9.4.44.v20210927/jetty-http-9.4.44.v20210927.jar:/Users/andreaiannoli/.m2/repository/org/eclipse/jetty/jetty-util/9.4.44.v20210927/jetty-util-9.4.44.v20210927.jar:/Users/andreaiannoli/.m2/repository/org/eclipse/jetty/jetty-io/9.4.44.v20210927/jetty-io-9.4.44.v20210927.jar:/Users/andreaiannoli/.m2/repository/org/eclipse/jetty/jetty-annotations/9.4.44.v20210927/jetty-annotations-9.4.44.v20210927.jar:/Users/andreaiannoli/.m2/repository/org/eclipse/jetty/jetty-plus/9.4.44.v20210927/jetty-plus-9.4.44.v20210927.jar:/Users/andreaiannoli/.m2/repository/org/eclipse/jetty/jetty-jndi/9.4.44.v20210927/jetty-jndi-9.4.44.v20210927.jar:/Users/andreaiannoli/.m2/repository/javax/annotation/javax.annotation-api/1.3.2/javax.annotation-api-1.3.2.jar:/Users/andreaiannoli/.m2/repository/org/eclipse/jetty/apache-jsp/9.4.44.v20210927/apache-jsp-9.4.44.v20210927.jar:/Users/andreaiannoli/.m2/repository/org/eclipse/jetty/toolchain/jetty-schemas/3.1.2/jetty-schemas-3.1.2.jar:/Users/andreaiannoli/.m2/repository/org/mortbay/jasper/apache-jsp/8.5.70/apache-jsp-8.5.70.jar:/Users/andreaiannoli/.m2/repository/org/mortbay/jasper/apache-el/8.5.70/apache-el-8.5.70.jar:/Users/andreaiannoli/.m2/repository/org/eclipse/jdt/ecj/3.19.0/ecj-3.19.0.jar:/Users/andreaiannoli/.m2/repository/junit/junit/4.13.2/junit-4.13.2.jar:/Users/andreaiannoli/.m2/repository/org/hamcrest/hamcrest-core/1.3/hamcrest-core-1.3.jar:/Users/andreaiannoli/.m2/repository/org/mapdb/mapdb/3.0.10/mapdb-3.0.10.jar:/Users/andreaiannoli/.m2/repository/org/jetbrains/kotlin/kotlin-stdlib/1.2.71/kotlin-stdlib-1.2.71.jar:/Users/andreaiannoli/.m2/repository/org/jetbrains/kotlin/kotlin-stdlib-common/1.2.71/kotlin-stdlib-common-1.2.71.jar:/Users/andreaiannoli/.m2/repository/org/jetbrains/annotations/13.0/annotations-13.0.jar:/Users/andreaiannoli/.m2/repository/org/eclipse/collections/eclipse-collections-api/10.4.0/eclipse-collections-api-10.4.0.jar:/Users/andreaiannoli/.m2/repository/org/eclipse/collections/eclipse-collections/10.4.0/eclipse-collections-10.4.0.jar:/Users/andreaiannoli/.m2/repository/org/eclipse/collections/eclipse-collections-forkjoin/10.4.0/eclipse-collections-forkjoin-10.4.0.jar:/Users/andreaiannoli/.m2/repository/com/google/guava/guava/32.1.2-jre/guava-32.1.2-jre.jar:/Users/andreaiannoli/.m2/repository/com/google/guava/failureaccess/1.0.1/failureaccess-1.0.1.jar:/Users/andreaiannoli/.m2/repository/com/google/guava/listenablefuture/9999.0-empty-to-avoid-conflict-with-guava/listenablefuture-9999.0-empty-to-avoid-conflict-with-guava.jar:/Users/andreaiannoli/.m2/repository/org/checkerframework/checker-qual/3.33.0/checker-qual-3.33.0.jar:/Users/andreaiannoli/.m2/repository/com/google/errorprone/error_prone_annotations/2.18.0/error_prone_annotations-2.18.0.jar:/Users/andreaiannoli/.m2/repository/com/google/j2objc/j2objc-annotations/2.8/j2objc-annotations-2.8.jar:/Users/andreaiannoli/.m2/repository/net/jpountz/lz4/lz4/1.3.0/lz4-1.3.0.jar:/Users/andreaiannoli/.m2/repository/org/mapdb/elsa/3.0.0-M5/elsa-3.0.0-M5.jar:/Users/andreaiannoli/.m2/repository/com/google/code/gson/gson/2.10/gson-2.10.jar:/Users/andreaiannoli/Desktop/Uni/Progetto SWENG/prova/cardsmule/src/main/java:/Users/andreaiannoli/Desktop/Uni/Progetto SWENG/prova/cardsmule/src/test/java:/Users/andreaiannoli/.m2/repository/org/apache/maven/surefire/surefire-junit4/2.22.2/surefire-junit4-2.22.2.jar"/>
    <property name="java.vm.vendor" value="Oracle Corporation"/>
    <property name="sun.arch.data.model" value="64"/>
    <property name="java.vendor.url" value="https://java.oracle.com/"/>
    <property name="os.name" value="Mac OS X"/>
    <property name="java.vm.specification.version" value="18"/>
    <property name="sun.java.launcher" value="SUN_STANDARD"/>
    <property name="user.country" value="IT"/>
    <property name="sun.boot.library.path" value="/Library/Java/JavaVirtualMachines/jdk-18.0.2.1.jdk/Contents/Home/lib"/>
    <property name="sun.java.command" value="org.apache.maven.surefire.booter.ForkedBooter /Users/andreaiannoli/Desktop/Uni/Progetto SWENG/prova/cardsmule/target/surefire 2023-09-21T15-19-21_637-jvmRun1 surefire12409356736971662329tmp surefire_02756630089045230999tmp"/>
    <property name="http.nonProxyHosts" value="local|*.local|169.254/16|*.169.254/16"/>
    <property name="jdk.debug" value="release"/>
    <property name="surefire.test.class.path" value="/Users/andreaiannoli/Desktop/Uni/Progetto SWENG/prova/cardsmule/target/test-classes:/Users/andreaiannoli/Desktop/Uni/Progetto SWENG/prova/cardsmule/target/Cardsmule-1.0-SNAPSHOT/WEB-INF/classes:/Users/andreaiannoli/.m2/repository/org/gwtproject/gwt-servlet/2.10.0/gwt-servlet-2.10.0.jar:/Users/andreaiannoli/.m2/repository/org/gwtproject/gwt-user/2.10.0/gwt-user-2.10.0.jar:/Users/andreaiannoli/.m2/repository/com/google/jsinterop/jsinterop-annotations/2.0.0/jsinterop-annotations-2.0.0.jar:/Users/andreaiannoli/.m2/repository/javax/validation/validation-api/1.0.0.GA/validation-api-1.0.0.GA.jar:/Users/andreaiannoli/.m2/repository/javax/validation/validation-api/1.0.0.GA/validation-api-1.0.0.GA-sources.jar:/Users/andreaiannoli/.m2/repository/javax/servlet/javax.servlet-api/3.1.0/javax.servlet-api-3.1.0.jar:/Users/andreaiannoli/.m2/repository/org/w3c/css/sac/1.3/sac-1.3.jar:/Users/andreaiannoli/.m2/repository/org/gwtproject/gwt-dev/2.10.0/gwt-dev-2.10.0.jar:/Users/andreaiannoli/.m2/repository/com/google/code/findbugs/jsr305/1.3.9/jsr305-1.3.9.jar:/Users/andreaiannoli/.m2/repository/org/ow2/asm/asm/9.2/asm-9.2.jar:/Users/andreaiannoli/.m2/repository/org/ow2/asm/asm-util/9.2/asm-util-9.2.jar:/Users/andreaiannoli/.m2/repository/org/ow2/asm/asm-tree/9.2/asm-tree-9.2.jar:/Users/andreaiannoli/.m2/repository/org/ow2/asm/asm-analysis/9.2/asm-analysis-9.2.jar:/Users/andreaiannoli/.m2/repository/org/ow2/asm/asm-commons/9.2/asm-commons-9.2.jar:/Users/andreaiannoli/.m2/repository/colt/colt/1.2.0/colt-1.2.0.jar:/Users/andreaiannoli/.m2/repository/commons-collections/commons-collections/3.2.2/commons-collections-3.2.2.jar:/Users/andreaiannoli/.m2/repository/commons-io/commons-io/2.4/commons-io-2.4.jar:/Users/andreaiannoli/.m2/repository/com/ibm/icu/icu4j/63.1/icu4j-63.1.jar:/Users/andreaiannoli/.m2/repository/tapestry/tapestry/4.0.2/tapestry-4.0.2.jar:/Users/andreaiannoli/.m2/repository/net/sourceforge/htmlunit/htmlunit/2.55.0/htmlunit-2.55.0.jar:/Users/andreaiannoli/.m2/repository/xalan/xalan/2.7.2/xalan-2.7.2.jar:/Users/andreaiannoli/.m2/repository/xalan/serializer/2.7.2/serializer-2.7.2.jar:/Users/andreaiannoli/.m2/repository/org/apache/commons/commons-lang3/3.12.0/commons-lang3-3.12.0.jar:/Users/andreaiannoli/.m2/repository/org/apache/commons/commons-text/1.9/commons-text-1.9.jar:/Users/andreaiannoli/.m2/repository/org/apache/httpcomponents/httpmime/4.5.13/httpmime-4.5.13.jar:/Users/andreaiannoli/.m2/repository/org/apache/httpcomponents/httpclient/4.5.13/httpclient-4.5.13.jar:/Users/andreaiannoli/.m2/repository/org/apache/httpcomponents/httpcore/4.4.13/httpcore-4.4.13.jar:/Users/andreaiannoli/.m2/repository/commons-codec/commons-codec/1.11/commons-codec-1.11.jar:/Users/andreaiannoli/.m2/repository/net/sourceforge/htmlunit/htmlunit-core-js/2.55.0/htmlunit-core-js-2.55.0.jar:/Users/andreaiannoli/.m2/repository/net/sourceforge/htmlunit/neko-htmlunit/2.55.0/neko-htmlunit-2.55.0.jar:/Users/andreaiannoli/.m2/repository/xerces/xercesImpl/2.12.1/xercesImpl-2.12.1.jar:/Users/andreaiannoli/.m2/repository/xml-apis/xml-apis/1.4.01/xml-apis-1.4.01.jar:/Users/andreaiannoli/.m2/repository/net/sourceforge/htmlunit/htmlunit-cssparser/1.10.0/htmlunit-cssparser-1.10.0.jar:/Users/andreaiannoli/.m2/repository/commons-logging/commons-logging/1.2/commons-logging-1.2.jar:/Users/andreaiannoli/.m2/repository/commons-net/commons-net/3.8.0/commons-net-3.8.0.jar:/Users/andreaiannoli/.m2/repository/org/brotli/dec/0.1.2/dec-0.1.2.jar:/Users/andreaiannoli/.m2/repository/com/shapesecurity/salvation2/3.0.0/salvation2-3.0.0.jar:/Users/andreaiannoli/.m2/repository/org/eclipse/jetty/websocket/websocket-client/9.4.44.v20210927/websocket-client-9.4.44.v20210927.jar:/Users/andreaiannoli/.m2/repository/org/eclipse/jetty/jetty-client/9.4.44.v20210927/jetty-client-9.4.44.v20210927.jar:/Users/andreaiannoli/.m2/repository/org/eclipse/jetty/websocket/websocket-common/9.4.44.v20210927/websocket-common-9.4.44.v20210927.jar:/Users/andreaiannoli/.m2/repository/org/eclipse/jetty/websocket/websocket-api/9.4.44.v20210927/websocket-api-9.4.44.v20210927.jar:/Users/andreaiannoli/.m2/repository/org/eclipse/jetty/jetty-webapp/9.4.44.v20210927/jetty-webapp-9.4.44.v20210927.jar:/Users/andreaiannoli/.m2/repository/org/eclipse/jetty/jetty-xml/9.4.44.v20210927/jetty-xml-9.4.44.v20210927.jar:/Users/andreaiannoli/.m2/repository/org/eclipse/jetty/jetty-servlet/9.4.44.v20210927/jetty-servlet-9.4.44.v20210927.jar:/Users/andreaiannoli/.m2/repository/org/eclipse/jetty/jetty-security/9.4.44.v20210927/jetty-security-9.4.44.v20210927.jar:/Users/andreaiannoli/.m2/repository/org/eclipse/jetty/jetty-server/9.4.44.v20210927/jetty-server-9.4.44.v20210927.jar:/Users/andreaiannoli/.m2/repository/org/eclipse/jetty/jetty-util-ajax/9.4.44.v20210927/jetty-util-ajax-9.4.44.v20210927.jar:/Users/andreaiannoli/.m2/repository/org/eclipse/jetty/jetty-servlets/9.4.44.v20210927/jetty-servlets-9.4.44.v20210927.jar:/Users/andreaiannoli/.m2/repository/org/eclipse/jetty/jetty-continuation/9.4.44.v20210927/jetty-continuation-9.4.44.v20210927.jar:/Users/andreaiannoli/.m2/repository/org/eclipse/jetty/jetty-http/9.4.44.v20210927/jetty-http-9.4.44.v20210927.jar:/Users/andreaiannoli/.m2/repository/org/eclipse/jetty/jetty-util/9.4.44.v20210927/jetty-util-9.4.44.v20210927.jar:/Users/andreaiannoli/.m2/repository/org/eclipse/jetty/jetty-io/9.4.44.v20210927/jetty-io-9.4.44.v20210927.jar:/Users/andreaiannoli/.m2/repository/org/eclipse/jetty/jetty-annotations/9.4.44.v20210927/jetty-annotations-9.4.44.v20210927.jar:/Users/andreaiannoli/.m2/repository/org/eclipse/jetty/jetty-plus/9.4.44.v20210927/jetty-plus-9.4.44.v20210927.jar:/Users/andreaiannoli/.m2/repository/org/eclipse/jetty/jetty-jndi/9.4.44.v20210927/jetty-jndi-9.4.44.v20210927.jar:/Users/andreaiannoli/.m2/repository/javax/annotation/javax.annotation-api/1.3.2/javax.annotation-api-1.3.2.jar:/Users/andreaiannoli/.m2/repository/org/eclipse/jetty/apache-jsp/9.4.44.v20210927/apache-jsp-9.4.44.v20210927.jar:/Users/andreaiannoli/.m2/repository/org/eclipse/jetty/toolchain/jetty-schemas/3.1.2/jetty-schemas-3.1.2.jar:/Users/andreaiannoli/.m2/repository/org/mortbay/jasper/apache-jsp/8.5.70/apache-jsp-8.5.70.jar:/Users/andreaiannoli/.m2/repository/org/mortbay/jasper/apache-el/8.5.70/apache-el-8.5.70.jar:/Users/andreaiannoli/.m2/repository/org/eclipse/jdt/ecj/3.19.0/ecj-3.19.0.jar:/Users/andreaiannoli/.m2/repository/junit/junit/4.13.2/junit-4.13.2.jar:/Users/andreaiannoli/.m2/repository/org/hamcrest/hamcrest-core/1.3/hamcrest-core-1.3.jar:/Users/andreaiannoli/.m2/repository/org/mapdb/mapdb/3.0.10/mapdb-3.0.10.jar:/Users/andreaiannoli/.m2/repository/org/jetbrains/kotlin/kotlin-stdlib/1.2.71/kotlin-stdlib-1.2.71.jar:/Users/andreaiannoli/.m2/repository/org/jetbrains/kotlin/kotlin-stdlib-common/1.2.71/kotlin-stdlib-common-1.2.71.jar:/Users/andreaiannoli/.m2/repository/org/jetbrains/annotations/13.0/annotations-13.0.jar:/Users/andreaiannoli/.m2/repository/org/eclipse/collections/eclipse-collections-api/10.4.0/eclipse-collections-api-10.4.0.jar:/Users/andreaiannoli/.m2/repository/org/eclipse/collections/eclipse-collections/10.4.0/eclipse-collections-10.4.0.jar:/Users/andreaiannoli/.m2/repository/org/eclipse/collections/eclipse-collections-forkjoin/10.4.0/eclipse-collections-forkjoin-10.4.0.jar:/Users/andreaiannoli/.m2/repository/com/google/guava/guava/32.1.2-jre/guava-32.1.2-jre.jar:/Users/andreaiannoli/.m2/repository/com/google/guava/failureaccess/1.0.1/failureaccess-1.0.1.jar:/Users/andreaiannoli/.m2/repository/com/google/guava/listenablefuture/9999.0-empty-to-avoid-conflict-with-guava/listenablefuture-9999.0-empty-to-avoid-conflict-with-guava.jar:/Users/andreaiannoli/.m2/repository/org/checkerframework/checker-qual/3.33.0/checker-qual-3.33.0.jar:/Users/andreaiannoli/.m2/repository/com/google/errorprone/error_prone_annotations/2.18.0/error_prone_annotations-2.18.0.jar:/Users/andreaiannoli/.m2/repository/com/google/j2objc/j2objc-annotations/2.8/j2objc-annotations-2.8.jar:/Users/andreaiannoli/.m2/repository/net/jpountz/lz4/lz4/1.3.0/lz4-1.3.0.jar:/Users/andreaiannoli/.m2/repository/org/mapdb/elsa/3.0.0-M5/elsa-3.0.0-M5.jar:/Users/andreaiannoli/.m2/repository/com/google/code/gson/gson/2.10/gson-2.10.jar:/Users/andreaiannoli/Desktop/Uni/Progetto SWENG/prova/cardsmule/src/main/java:/Users/andreaiannoli/Desktop/Uni/Progetto SWENG/prova/cardsmule/src/test/java:"/>
    <property name="sun.cpu.endian" value="little"/>
    <property name="user.home" value="/Users/andreaiannoli"/>
    <property name="user.language" value="en"/>
    <property name="java.specification.vendor" value="Oracle Corporation"/>
    <property name="java.version.date" value="2022-08-18"/>
    <property name="java.home" value="/Library/Java/JavaVirtualMachines/jdk-18.0.2.1.jdk/Contents/Home"/>
    <property name="file.separator" value="/"/>
    <property name="basedir" value="/Users/andreaiannoli/Desktop/Uni/Progetto SWENG/prova/cardsmule"/>
    <property name="style.color" value="always"/>
    <property name="java.vm.compressedOopsMode" value="Zero based"/>
    <property name="line.separator" value="&#10;"/>
    <property name="java.vm.specification.vendor" value="Oracle Corporation"/>
    <property name="java.specification.name" value="Java Platform API Specification"/>
    <property name="apple.awt.application.name" value="ForkedBooter"/>
    <property name="gwt.args" value=" -war &quot;/Users/andreaiannoli/Desktop/Uni/Progetto SWENG/prova/cardsmule/target/gwt-tests/www&quot; -workDir &quot;/Users/andreaiannoli/Desktop/Uni/Progetto SWENG/prova/cardsmule/target/gwt/work&quot; -deploy &quot;/Users/andreaiannoli/Desktop/Uni/Progetto SWENG/prova/cardsmule/target/gwt-tests/deploy&quot; -sourceLevel 1.8 -checkAssertions"/>
    <property name="sun.management.compiler" value="HotSpot 64-Bit Tiered Compilers"/>
    <property name="ftp.nonProxyHosts" value="local|*.local|169.254/16|*.169.254/16"/>
    <property name="java.runtime.version" value="18.0.2.1+1-1"/>
    <property name="user.name" value="andreaiannoli"/>
    <property name="path.separator" value=":"/>
    <property name="os.version" value="12.5"/>
    <property name="java.runtime.name" value="Java(TM) SE Runtime Environment"/>
    <property name="file.encoding" value="UTF-8"/>
    <property name="java.vm.name" value="Java HotSpot(TM) 64-Bit Server VM"/>
    <property name="localRepository" value="/Users/andreaiannoli/.m2/repository"/>
    <property name="java.vendor.url.bug" value="https://bugreport.java.com/bugreport/"/>
    <property name="java.io.tmpdir" value="/var/folders/f3/vxddm6151k55_pkbws0f82xh0000gn/T/"/>
    <property name="java.version" value="18.0.2.1"/>
    <property name="user.dir" value="/Users/andreaiannoli/Desktop/Uni/Progetto SWENG/prova/cardsmule"/>
    <property name="os.arch" value="aarch64"/>
    <property name="java.vm.specification.name" value="Java Virtual Machine Specification"/>
    <property name="native.encoding" value="UTF-8"/>
    <property name="java.library.path" value="/Users/andreaiannoli/Library/Java/Extensions:/Library/Java/Extensions:/Network/Library/Java/Extensions:/System/Library/Java/Extensions:/usr/lib/java:."/>
    <property name="java.vm.info" value="mixed mode, sharing"/>
    <property name="java.vendor" value="Oracle Corporation"/>
    <property name="java.vm.version" value="18.0.2.1+1-1"/>
    <property name="sun.io.unicode.encoding" value="UnicodeBig"/>
    <property name="socksNonProxyHosts" value="local|*.local|169.254/16|*.169.254/16"/>
    <property name="java.class.version" value="62.0"/>
  </properties>
  <testcase name="testGreetingService" classname="com.sweng.cardsmule.client.CardsmuleTest" time="8.491"/>
  <testcase name="testFieldVerifier" classname="com.sweng.cardsmule.client.CardsmuleTest" time="0.012"/>
</testsuite>